<?xml version="1.0" encoding="UTF-8"?>
<!-- Generated by org.testng.reporters.JUnitXMLReporter -->
<testsuite ignored="6" hostname="DESKTOP-T1OTQ1E" failures="0" tests="1" name="Default test" time="46.836" errors="0" timestamp="2022-08-03T23:08:46 IST">
  <testcase classname="com.selenium.handle_Windows" name="autosuggestionEx_GoogleSearch" time="13.419"/>
  <testcase classname="com.selenium.handle_Windows" name="handleTabs_using_getWindowHandles" time="0.0">
    <ignored/>
  </testcase> <!-- handleTabs_using_getWindowHandles -->
  <testcase classname="com.selenium.handle_Windows" name="close_Any_Specific_Window" time="0.0">
    <ignored/>
  </testcase> <!-- close_Any_Specific_Window -->
  <testcase classname="com.selenium.handle_Windows" name="closeAllChildWindow" time="0.0">
    <ignored/>
  </testcase> <!-- closeAllChildWindow -->
  <testcase classname="com.selenium.handle_Windows" name="close_Parent_Window" time="0.0">
    <ignored/>
  </testcase> <!-- close_Parent_Window -->
  <testcase classname="com.selenium.handle_Windows" name="switching_Window" time="0.0">
    <ignored/>
  </testcase> <!-- switching_Window -->
  <testcase classname="com.selenium.handle_Windows" name="close_All_Window" time="0.0">
    <ignored/>
  </testcase> <!-- close_All_Window -->
</testsuite> <!-- Default test -->
