<?xml version="1.0" encoding="UTF-8"?>
<testng-results ignored="6" total="7" passed="1" failed="0" skipped="0">
  <reporter-output>
  </reporter-output>
  <suite started-at="2022-08-03T23:07:59 IST" name="Default suite" finished-at="2022-08-03T23:08:45 IST" duration-ms="46836">
    <groups>
    </groups>
    <test started-at="2022-08-03T23:07:59 IST" name="Default test" finished-at="2022-08-03T23:08:45 IST" duration-ms="46836">
      <class name="com.selenium.handle_Windows">
        <test-method is-config="true" signature="launch_Browser()[pri:0, instance:com.selenium.handle_Windows@21e360a]" started-at="2022-08-03T23:07:59 IST" name="launch_Browser" finished-at="2022-08-03T23:08:32 IST" duration-ms="33266" status="PASS">
          <reporter-output>
          </reporter-output>
        </test-method> <!-- launch_Browser -->
        <test-method signature="autosuggestionEx_GoogleSearch()[pri:0, instance:com.selenium.handle_Windows@21e360a]" started-at="2022-08-03T23:08:32 IST" name="autosuggestionEx_GoogleSearch" finished-at="2022-08-03T23:08:45 IST" duration-ms="13419" status="PASS">
          <reporter-output>
          </reporter-output>
        </test-method> <!-- autosuggestionEx_GoogleSearch -->
      </class> <!-- com.selenium.handle_Windows -->
    </test> <!-- Default test -->
  </suite> <!-- Default suite -->
</testng-results>
