<?xml version="1.0" encoding="UTF-8"?>
<testng-results ignored="5" total="6" passed="1" failed="0" skipped="0">
  <reporter-output>
  </reporter-output>
  <suite started-at="2022-08-02T23:31:20 IST" name="Default suite" finished-at="2022-08-02T23:32:01 IST" duration-ms="40755">
    <groups>
    </groups>
    <test started-at="2022-08-02T23:31:20 IST" name="Default test" finished-at="2022-08-02T23:32:01 IST" duration-ms="40755">
      <class name="com.selenium.handle_Windows">
        <test-method is-config="true" signature="launch_Browser()[pri:0, instance:com.selenium.handle_Windows@7bd4937b]" started-at="2022-08-02T23:31:20 IST" name="launch_Browser" finished-at="2022-08-02T23:31:33 IST" duration-ms="12982" status="PASS">
          <reporter-output>
          </reporter-output>
        </test-method> <!-- launch_Browser -->
        <test-method signature="close_Parent_Window()[pri:0, instance:com.selenium.handle_Windows@7bd4937b]" started-at="2022-08-02T23:31:33 IST" name="close_Parent_Window" finished-at="2022-08-02T23:32:01 IST" duration-ms="27582" status="PASS">
          <reporter-output>
          </reporter-output>
        </test-method> <!-- close_Parent_Window -->
      </class> <!-- com.selenium.handle_Windows -->
    </test> <!-- Default test -->
  </suite> <!-- Default suite -->
</testng-results>
